43.0 APEX_CODE,FINEST;APEX_PROFILING,FINEST;CALLOUT,FINEST;DB,FINEST;NBA,INFO;SYSTEM,FINEST;VALIDATION,FINEST;VISUALFORCE,FINEST;WAVE,INFO;WORKFLOW,FINEST
11:34:49.0 (147907)|USER_INFO|[EXTERNAL]|0051f000000IdnF|sai_teja_golla@manulife-cdn.com.dev53|Eastern Standard Time|GMT-04:00
11:34:49.0 (197484)|EXECUTION_STARTED
11:34:49.0 (206601)|CODE_UNIT_STARTED|[EXTERNAL]|01p1f000000990u|C360_handleAccountIndicators
11:34:49.0 (3669097)|HEAP_ALLOCATE|[72]|Bytes:3
11:34:49.0 (3763773)|HEAP_ALLOCATE|[77]|Bytes:152
11:34:49.0 (3780346)|HEAP_ALLOCATE|[342]|Bytes:408
11:34:49.0 (3793249)|HEAP_ALLOCATE|[355]|Bytes:408
11:34:49.0 (3805389)|HEAP_ALLOCATE|[467]|Bytes:48
11:34:49.0 (3881362)|HEAP_ALLOCATE|[139]|Bytes:6
11:34:49.0 (7213167)|HEAP_ALLOCATE|[EXTERNAL]|Bytes:290
11:34:49.0 (11770171)|HEAP_ALLOCATE|[EXTERNAL]|Bytes:11
11:34:49.0 (11794745)|SYSTEM_METHOD_ENTRY|[15]|BatchableContextImpl.BatchableContextImpl()
11:34:49.0 (11805475)|STATEMENT_EXECUTE|[15]
11:34:49.0 (11819000)|SYSTEM_METHOD_EXIT|[15]|BatchableContextImpl
11:34:49.0 (11831493)|HEAP_ALLOCATE|[EXTERNAL]|Bytes:12
11:34:49.0 (11840855)|HEAP_ALLOCATE|[EXTERNAL]|Bytes:4
11:34:49.0 (11846834)|HEAP_ALLOCATE|[EXTERNAL]|Bytes:4
11:34:49.0 (11857359)|VARIABLE_SCOPE_BEGIN|[31]|this|Database.BatchableContextImpl|true|false
11:34:49.0 (11958637)|VARIABLE_ASSIGNMENT|[31]|this|{}|0x54302dbb
11:34:49.0 (11968773)|VARIABLE_SCOPE_BEGIN|[31]|jobId|Id|false|false
11:34:49.0 (12091439)|VARIABLE_ASSIGNMENT|[31]|jobId|"7071f000000rjx9AAA"
11:34:49.0 (12103712)|VARIABLE_SCOPE_BEGIN|[31]|childJobId|Id|false|false
11:34:49.0 (12149385)|VARIABLE_ASSIGNMENT|[31]|childJobId|"7071f000000rjxEAAQ"
11:34:49.0 (23398249)|HEAP_ALLOCATE|[EXTERNAL]|Bytes:8
11:34:49.474 (474073722)|CUMULATIVE_LIMIT_USAGE
11:34:49.474 (474073722)|LIMIT_USAGE_FOR_NS|(default)|
  Number of SOQL queries: 0 out of 200
  Number of query rows: 0 out of 50000
  Number of SOSL queries: 0 out of 20
  Number of DML statements: 0 out of 150
  Number of DML rows: 0 out of 10000
  Maximum CPU time: 0 out of 60000
  Maximum heap size: 0 out of 12000000
  Number of callouts: 0 out of 0
  Number of Email Invocations: 0 out of 10
  Number of future calls: 0 out of 0
  Number of queueable jobs added to the queue: 0 out of 1
  Number of Mobile Apex push calls: 0 out of 10

11:34:49.474 (474073722)|TOTAL_EMAIL_RECIPIENTS_QUEUED|0
11:34:49.474 (474073722)|CUMULATIVE_LIMIT_USAGE_END

11:34:49.0 (474124181)|CODE_UNIT_FINISHED|C360_handleAccountIndicators
11:34:49.0 (475207361)|EXECUTION_FINISHED
11:34:49.496 (496543241)|CUMULATIVE_PROFILING_BEGIN
11:34:49.496 (496543241)|CUMULATIVE_PROFILING|SOQL operations|
Class.CRMfusionDBR101.DB_Scenario.loadScenarioRows: line 1058, column 1: [SELECT id, Name, Scenario_Type__c, Deployed__c,
                Match_on_Insert_Action__c, Match_on_Insert_Result__c,
                Match_on_Update_Action__c, Match_on_Update_Result__c, Scenario_Number__c,
                Duplicates_Blocked__c, Duplicates_Merged__c,
                Bypass_Security__c, Allow_Block_Bypass__c, Error_Message__c,
                Create_Task__c, OwnerId, Hash_Key_Bits__c, Disable_Hash_Calculation__c,
                Rebuild_Needed__c, Person_Account_Scenario__c,
                Enable_Dual_Filters__c, Max_Blocks_Shown__c,
                Block_Related_Matches__c, VisualForce_Handler__c,
                Apex_Handler__c,
                (SELECT Match_Field__c, Field_Name__c, Related_Field_Name__c, Scenario__c,
                Field_Display_Value__c, Related_Field_Display_Value__c,
                AlphaClean__c, English_Fuzzy__c, Mapping_Type__c,
                Match_Blank__c, Transpose__c, First_Xx_Letters__c, First_XX_Words__c, Regex__c
                FROM Scenario_Rules__r ORDER BY Name ASC),
                (SELECT Object__c, Field_Name__c, Operator__c, Data_Type__c,
                Calculated_Value__c, Values__c, Date_Criteria__c, Datetime_Criteria__c,
                Display__c, Field_Display_Value__c,
                Not__c FROM Scenario_Filters__r ORDER BY Object__c ASC),
                (SELECT Object__c, Field_Name__c, Operator__c, Data_Type__c,
                Calculated_Value__c, Values__c, Date_Criteria__c, Datetime_Criteria__c,
                Display__c, Field_Display_Value__c,
                Not__c FROM Scenario_Target_Filters__r ORDER BY Object__c ASC)
                FROM Scenario__c WHERE Scenario_Type__c IN :types
                ORDER BY Scenario_Number__c]: executed 2 times in 26 ms
Class.C360_SponsorIndicatorsUtil.findRelatedContactsByContactIds: line 45, column 1: [Select Id,AccountId, Account.RecordType.Name from Contact where Id =: contactIds]: executed 1 time in 14 ms
Class.C360_SponsorIndicatorsUtil.findRelatedAssetContactRolesByContacts: line 49, column 1: [Select Id, Asset__c, Contact__c,End_Date__c,Asset__r.Canada_Only__c,Asset__r.Special_Handling__c,Asset__r.GB_OTIP_Indicator__c,Asset__r.Staff_Plan__c,Asset__r.GB_OTIP_Staff_Indicator__c from AssetContactRoles__c WHERE Contact__c =: contactIds]: executed 2 times in 10 ms
Class.CSP_Utility.contactRecordTypeId: line 70, column 1: [SELECT Id, Name, DeveloperName 
                            FROM RecordType 
                            WHERE DeveloperName =: recTypeDevName AND Sobjecttype = 'Contact']: executed 2 times in 7 ms
Class.C360_SponsorIndicatorsUtil.findRelatedAssetContactRoles: line 41, column 1: [Select Id, Asset__c, Contact__c,End_Date__c, Asset__r.Coverage_End_Date__c from AssetContactRoles__c WHERE Asset__c =: assetIds]: executed 1 time in 5 ms
Class.CSP_ContactTriggerHandler.createUserOnUpdate: line 27, column 1: [Select Id, Name 
                                       FROM Profile 
                                       WHERE Name = 'Cross Sell Data Analyst' Limit 1]: executed 1 time in 4 ms
Class.C360_SponsorIndicatorsUtil.findRelatedAssetByCustomers: line 53, column 1: [Select Id,AccountId,Canada_Only__c, GB_OTIP_Indicator__c,Staff_Plan__c,Special_Handling__c,GB_OTIP_Staff_Indicator__c from Asset Where AccountId =: custAccountIds]: executed 1 time in 4 ms
Class.CSP_ContactTriggerHandler.createUserOnUpdate: line 33, column 1: [SELECT DeveloperName,Name 
                                     FROM RecordType 
                                     WHERE developername='Distributor' and SobjectType  = 'Contact']: executed 1 time in 3 ms
Class.CSP_ContactTriggerHandler.createUserOnUpdate: line 30, column 1: [SELECT Id 
                                          FROM Profile 
                                          WHERE Name = 'Cross Sell Portal User']: executed 1 time in 3 ms
Class.C360_SponsorIndicatorsUtil.findRelatedCustomerAccountsList: line 37, column 1: [Select Canada_Only__c, Id, Special_Handling__c,GB_OTIP_Indicator__c,Staff_Plan__c,GB_OTIP_Staff_Indicator__c from Account WHERE Id =: custAccountIdSet]: executed 1 time in 3 ms

11:34:49.496 (496543241)|CUMULATIVE_PROFILING|No profiling information for SOSL operations
11:34:49.496 (496543241)|CUMULATIVE_PROFILING|DML operations|
Class.C360_handleAccountIndicators.execute: line 209, column 1: Update: List<Contact>: executed 1 time in 172 ms
Class.C360_handleAccountIndicators.execute: line 206, column 1: Update: List<Account>: executed 1 time in 157 ms

11:34:49.496 (496543241)|CUMULATIVE_PROFILING|method invocations|
External entry point: global void execute(Database.BatchableContext, List<SObject>): executed 1 time in 383 ms
External entry point: public void invoke(): executed 1 time in 26 ms
Trigger.ContactTrigger: line 20, column 1: public static void onBeforeUpdate(List<Contact>, Map<Id,Contact>): executed 1 time in 19 ms
External entry point: public void invoke(): executed 1 time in 18 ms
Trigger.C360_AccountTrigger: line 5, column 1: global C360_AccountTriggerHandler(): executed 2 times in 15 ms
Class.C360_handleAccountIndicators.execute: line 77, column 1: public static List<Contact> findRelatedContactsByContactIds(Set<Id>): executed 1 time in 14 ms
Trigger.ContactTrigger: line 43, column 1: public static void createUserOnUpdate(List<Contact>, Map<Id,Contact>): executed 1 time in 13 ms
External entry point: public void invoke(): executed 1 time in 12 ms
Trigger.ContactTrigger: line 22, column 1: public static void validateAdvisorUsers(List<Contact>, Map<Id,Contact>): executed 1 time in 12 ms
Trigger.ContactTrigger: line 44, column 1: public static void createAdvIdCustIDMap(List<Contact>, Map<Id,Contact>): executed 1 time in 7 ms
Class.C360_BaseTriggerHandler.run: line 6, column 1: private Boolean isTriggerActive(): executed 1 time in 7 ms

11:34:49.496 (496543241)|CUMULATIVE_PROFILING_END
